{
  "stats": {
    "suites": 1,
    "tests": 4,
    "passes": 4,
    "pending": 0,
    "failures": 0,
    "start": "2020-11-08T15:25:03.734Z",
    "end": "2020-11-08T15:25:13.896Z",
    "duration": 10162,
    "testsRegistered": 4,
    "passPercent": 100,
    "pendingPercent": 0,
    "other": 0,
    "hasOther": false,
    "skipped": 0,
    "hasSkipped": false
  },
  "results": [
    {
      "uuid": "0b6f06fd-c582-489c-a404-484f468e818a",
      "title": "",
      "fullFile": "",
      "file": "",
      "beforeHooks": [],
      "afterHooks": [],
      "tests": [],
      "suites": [
        {
          "uuid": "401fca81-42f1-4195-874e-6aff831d50e3",
          "title": "this is some awesome testing",
          "fullFile": "/Users/albert.woloszyn/Projects/HighCode/JavaScript/MochaPractice/test/startover.test.js",
          "file": "/test/startover.test.js",
          "beforeHooks": [
            {
              "title": "\"before each\" hook: ret in \"this is some awesome testing\"",
              "fullTitle": "this is some awesome testing \"before each\" hook: ret in \"this is some awesome testing\"",
              "timedOut": false,
              "duration": 2002,
              "state": null,
              "speed": null,
              "pass": false,
              "fail": false,
              "pending": false,
              "context": null,
              "code": "driver = new webdriver.Builder().forBrowser('chrome').build();\ndriver.get ('https://library-app.firebaseapp.com');",
              "err": {},
              "uuid": "2cfee85f-3ff7-4fa7-ae42-8e51b0b35f15",
              "parentUUID": "401fca81-42f1-4195-874e-6aff831d50e3",
              "isHook": true,
              "skipped": false
            }
          ],
          "afterHooks": [
            {
              "title": "\"after each\" hook: ret in \"this is some awesome testing\"",
              "fullTitle": "this is some awesome testing \"after each\" hook: ret in \"this is some awesome testing\"",
              "timedOut": false,
              "duration": 61,
              "state": null,
              "speed": null,
              "pass": false,
              "fail": false,
              "pending": false,
              "context": null,
              "code": "driver.quit();",
              "err": {},
              "uuid": "1fa2071f-daf7-481b-bd73-0a0e5b7b3840",
              "parentUUID": "401fca81-42f1-4195-874e-6aff831d50e3",
              "isHook": true,
              "skipped": false
            }
          ],
          "tests": [
            {
              "title": "can take email address",
              "fullTitle": "this is some awesome testing can take email address",
              "timedOut": false,
              "duration": 160,
              "state": "passed",
              "speed": "slow",
              "pass": true,
              "fail": false,
              "pending": false,
              "context": null,
              "code": "var submintBtn = driver.findElement(By.css('.btn-primary'));\nvar emailField = driver.findElement(By.css('.ember-text-field'));\nemailField.sendKeys('tester@test.com');\nreturn submintBtn.getCssValue('opacity').then(function (opacity) {\n        assert (opacity === '1');\n});\nsubmintBtn.click();",
              "err": {},
              "uuid": "cc93fac3-9023-46aa-8135-8bcd6d01bab9",
              "parentUUID": "401fca81-42f1-4195-874e-6aff831d50e3",
              "isHook": false,
              "skipped": false
            },
            {
              "title": "can show an alert when email provided and submitted",
              "fullTitle": "this is some awesome testing can show an alert when email provided and submitted",
              "timedOut": false,
              "duration": 1085,
              "state": "passed",
              "speed": "slow",
              "pass": true,
              "fail": false,
              "pending": false,
              "context": null,
              "code": "var submintBtn = driver.findElement(By.css('.btn-primary'));\nvar emailField = driver.findElement(By.css('.ember-text-field'));\nemailField.sendKeys('tester@test.com');\nsubmintBtn.click();\ndriver.wait(until.elementLocated(By.css('.alert')), 5000);\ndriver.findElements(By.css('.alert')).then(function (result) {\n    assert(result.length == 1, result.length + 'alert-success was found');\n});",
              "err": {},
              "uuid": "c7bc225e-80e4-49af-973b-fa8fa0596829",
              "parentUUID": "401fca81-42f1-4195-874e-6aff831d50e3",
              "isHook": false,
              "skipped": false
            },
            {
              "title": "can clear the email field",
              "fullTitle": "this is some awesome testing can clear the email field",
              "timedOut": false,
              "duration": 151,
              "state": "passed",
              "speed": "slow",
              "pass": true,
              "fail": false,
              "pending": false,
              "context": null,
              "code": "var submintBtn = driver.findElement(By.css('.btn-primary'));\nvar emailField = driver.findElement(By.css('.ember-text-field'));\nemailField.sendKeys('thisiswrong@email.com');\ndriver.wait(function () {\n    return submintBtn.getCssValue('opacity').then(function (opacity) {\n        return opacity === '1';\n    }, 15000);\n});\nemailField.clear();\ndriver.wait(function () {\n    return submintBtn.getCssValue('opacity').then(function (opacity) {\n        return opacity === '0.65';\n    }, 15000);\n})",
              "err": {},
              "uuid": "3ed81d72-10ee-4ebd-a852-cd0ea64c79cb",
              "parentUUID": "401fca81-42f1-4195-874e-6aff831d50e3",
              "isHook": false,
              "skipped": false
            },
            {
              "title": "has all options from the navigation bar",
              "fullTitle": "this is some awesome testing has all options from the navigation bar",
              "timedOut": false,
              "duration": 28,
              "state": "passed",
              "speed": "fast",
              "pass": true,
              "fail": false,
              "pending": false,
              "context": null,
              "code": "driver.findElement(By.css('nav')).getText().then(function (text) {\n    console.log(text);\n});",
              "err": {},
              "uuid": "ed012c3a-c828-49f8-8fb3-d6ca238327d0",
              "parentUUID": "401fca81-42f1-4195-874e-6aff831d50e3",
              "isHook": false,
              "skipped": false
            }
          ],
          "suites": [],
          "passes": [
            "cc93fac3-9023-46aa-8135-8bcd6d01bab9",
            "c7bc225e-80e4-49af-973b-fa8fa0596829",
            "3ed81d72-10ee-4ebd-a852-cd0ea64c79cb",
            "ed012c3a-c828-49f8-8fb3-d6ca238327d0"
          ],
          "failures": [],
          "pending": [],
          "skipped": [],
          "duration": 1424,
          "root": false,
          "rootEmpty": false,
          "_timeout": 50000
        }
      ],
      "passes": [],
      "failures": [],
      "pending": [],
      "skipped": [],
      "duration": 0,
      "root": true,
      "rootEmpty": true,
      "_timeout": 2000
    }
  ],
  "meta": {
    "mocha": {
      "version": "8.2.0"
    },
    "mochawesome": {
      "options": {
        "quiet": false,
        "reportFilename": "mochawesome",
        "saveHtml": true,
        "saveJson": true,
        "consoleReporter": "spec",
        "useInlineDiffs": false,
        "code": true
      },
      "version": "6.1.1"
    },
    "marge": {
      "options": {
        "autoOpen": "true"
      },
      "version": "5.1.0"
    }
  }
}